POST提交数据：{"code":"1843","phone":"13672178890","user_pwd":"banmeng10"}
2016-05-12 17:25:37
===========================================================================================
phone：13672178890，user_pwd：banmeng10，code：1843
2016-05-12 17:25:37
===========================================================================================
rs结果：1
2016-05-12 17:25:37
===========================================================================================
sql：UPDATE `jk_user` SET `user_pwd`='banmeng12' WHERE `user_name` = '13672178890'
2016-05-12 17:27:24
===========================================================================================
rs结果：1
2016-05-12 17:27:24
===========================================================================================
sql：UPDATE `jk_user` SET `user_pwd`='123456' WHERE `user_name` = '13672178890'
2016-05-12 17:28:44
===========================================================================================
rs结果：1
2016-05-12 17:28:44
===========================================================================================
sql：UPDATE `jk_user` SET `user_pwd`='098765' WHERE `user_name` = '13672178890'
2016-05-12 17:30:13
===========================================================================================
rs结果：1
2016-05-12 17:30:13
===========================================================================================
